<?xml version="1.0" encoding="UTF-8"?>
<testsuite xmlns:xsi="http://www.w3.org/2001/XMLSchema-instance" xsi:noNamespaceSchemaLocation="https://maven.apache.org/surefire/maven-surefire-plugin/xsd/surefire-test-report-3.0.xsd" version="3.0" name="io.kaoto.camelcatalog.MainTest" time="3.045" tests="1" errors="0" skipped="0" failures="0">
  <properties>
[...]
</properties>
  <testcase name="testGenerate" classname="io.kaoto.camelcatalog.MainTest" time="3.024">
    <system-err><![CDATA[SLF4J(W): No SLF4J providers were found.
SLF4J(W): Defaulting to no-operation (NOP) logger implementation
SLF4J(W): See https://www.slf4j.org/codes.html#noProviders for further details.
Jun 06, 2024 10:03:15 AM io.kaoto.camelcatalog.CamelCatalogVersionLoader lambda$loadKameletBoundaries$2
INFO: Parsing: /home/rmartinez/repos/kaoto/packages/catalog-generator/target/classes/kamelet-boundaries/sink.kamelet.yaml
Jun 06, 2024 10:03:15 AM io.kaoto.camelcatalog.CamelCatalogVersionLoader lambda$loadKameletBoundaries$2
INFO: Parsing: /home/rmartinez/repos/kaoto/packages/catalog-generator/target/classes/kamelet-boundaries/source.kamelet.yaml
Jun 06, 2024 10:03:15 AM io.kaoto.camelcatalog.CamelCatalogVersionLoader loadKamelets
INFO: Parsing: kamelets/avro-deserialize-action.kamelet.yaml
Jun 06, 2024 10:03:15 AM io.kaoto.camelcatalog.CamelCatalogVersionLoader loadKamelets
INFO: Parsing: kamelets/avro-serialize-action.kamelet.yaml
Jun 06, 2024 10:03:15 AM io.kaoto.camelcatalog.CamelCatalogVersionLoader loadKamelets
INFO: Parsing: kamelets/aws-bedrock-agent-runtime-sink.kamelet.yaml
Jun 06, 2024 10:03:15 AM io.kaoto.camelcatalog.CamelCatalogVersionLoader loadKamelets
INFO: Parsing: kamelets/aws-bedrock-text-sink.kamelet.yaml
Jun 06, 2024 10:03:15 AM io.kaoto.camelcatalog.CamelCatalogVersionLoader loadKamelets
INFO: Parsing: kamelets/aws-cloudtrail-source.kamelet.yaml
Jun 06, 2024 10:03:15 AM io.kaoto.camelcatalog.CamelCatalogVersionLoader loadKamelets
INFO: Parsing: kamelets/aws-cloudwatch-sink.kamelet.yaml
Jun 06, 2024 10:03:15 AM io.kaoto.camelcatalog.CamelCatalogVersionLoader loadKamelets
INFO: Parsing: kamelets/aws-ddb-sink.kamelet.yaml
Jun 06, 2024 10:03:15 AM io.kaoto.camelcatalog.CamelCatalogVersionLoader loadKamelets
INFO: Parsing: kamelets/aws-ddb-streams-source.kamelet.yaml
Jun 06, 2024 10:03:15 AM io.kaoto.camelcatalog.CamelCatalogVersionLoader loadKamelets
INFO: Parsing: kamelets/aws-ec2-sink.kamelet.yaml
Jun 06, 2024 10:03:15 AM io.kaoto.camelcatalog.CamelCatalogVersionLoader loadKamelets
INFO: Parsing: kamelets/aws-eventbridge-sink.kamelet.yaml
Jun 06, 2024 10:03:15 AM io.kaoto.camelcatalog.CamelCatalogVersionLoader loadKamelets
INFO: Parsing: kamelets/aws-kinesis-firehose-sink.kamelet.yaml
Jun 06, 2024 10:03:15 AM io.kaoto.camelcatalog.CamelCatalogVersionLoader loadKamelets
INFO: Parsing: kamelets/aws-kinesis-sink.kamelet.yaml
Jun 06, 2024 10:03:15 AM io.kaoto.camelcatalog.CamelCatalogVersionLoader loadKamelets
INFO: Parsing: kamelets/aws-kinesis-source.kamelet.yaml
Jun 06, 2024 10:03:15 AM io.kaoto.camelcatalog.CamelCatalogVersionLoader loadKamelets
INFO: Parsing: kamelets/aws-lambda-sink.kamelet.yaml
Jun 06, 2024 10:03:15 AM io.kaoto.camelcatalog.CamelCatalogVersionLoader loadKamelets
INFO: Parsing: kamelets/aws-redshift-sink.kamelet.yaml
Jun 06, 2024 10:03:15 AM io.kaoto.camelcatalog.CamelCatalogVersionLoader loadKamelets
INFO: Parsing: kamelets/aws-redshift-source.kamelet.yaml
Jun 06, 2024 10:03:15 AM io.kaoto.camelcatalog.CamelCatalogVersionLoader loadKamelets
INFO: Parsing: kamelets/aws-s3-event-based-source.kamelet.yaml
Jun 06, 2024 10:03:15 AM io.kaoto.camelcatalog.CamelCatalogVersionLoader loadKamelets
INFO: Parsing: kamelets/aws-s3-sink.kamelet.yaml
Jun 06, 2024 10:03:15 AM io.kaoto.camelcatalog.CamelCatalogVersionLoader loadKamelets
INFO: Parsing: kamelets/aws-s3-source.kamelet.yaml
Jun 06, 2024 10:03:15 AM io.kaoto.camelcatalog.CamelCatalogVersionLoader loadKamelets
INFO: Parsing: kamelets/aws-s3-streaming-upload-sink.kamelet.yaml
Jun 06, 2024 10:03:15 AM io.kaoto.camelcatalog.CamelCatalogVersionLoader loadKamelets
INFO: Parsing: kamelets/aws-secrets-manager-sink.kamelet.yaml
Jun 06, 2024 10:03:15 AM io.kaoto.camelcatalog.CamelCatalogVersionLoader loadKamelets
INFO: Parsing: kamelets/aws-ses-sink.kamelet.yaml
Jun 06, 2024 10:03:15 AM io.kaoto.camelcatalog.CamelCatalogVersionLoader loadKamelets
INFO: Parsing: kamelets/aws-sns-fifo-sink.kamelet.yaml
Jun 06, 2024 10:03:15 AM io.kaoto.camelcatalog.CamelCatalogVersionLoader loadKamelets
INFO: Parsing: kamelets/aws-sns-sink.kamelet.yaml
Jun 06, 2024 10:03:15 AM io.kaoto.camelcatalog.CamelCatalogVersionLoader loadKamelets
INFO: Parsing: kamelets/aws-sqs-batch-sink.kamelet.yaml
Jun 06, 2024 10:03:15 AM io.kaoto.camelcatalog.CamelCatalogVersionLoader loadKamelets
INFO: Parsing: kamelets/aws-sqs-fifo-sink.kamelet.yaml
Jun 06, 2024 10:03:15 AM io.kaoto.camelcatalog.CamelCatalogVersionLoader loadKamelets
INFO: Parsing: kamelets/aws-sqs-sink.kamelet.yaml
Jun 06, 2024 10:03:15 AM io.kaoto.camelcatalog.CamelCatalogVersionLoader loadKamelets
INFO: Parsing: kamelets/aws-sqs-source.kamelet.yaml
Jun 06, 2024 10:03:15 AM io.kaoto.camelcatalog.CamelCatalogVersionLoader loadKamelets
INFO: Parsing: kamelets/aws-sts-assume-role-action.kamelet.yaml
Jun 06, 2024 10:03:15 AM io.kaoto.camelcatalog.CamelCatalogVersionLoader loadKamelets
INFO: Parsing: kamelets/aws-timestream-query-sink.kamelet.yaml
Jun 06, 2024 10:03:15 AM io.kaoto.camelcatalog.CamelCatalogVersionLoader loadKamelets
INFO: Parsing: kamelets/aws-translate-action.kamelet.yaml
Jun 06, 2024 10:03:15 AM io.kaoto.camelcatalog.CamelCatalogVersionLoader loadKamelets
INFO: Parsing: kamelets/azure-cosmosdb-sink.kamelet.yaml
Jun 06, 2024 10:03:15 AM io.kaoto.camelcatalog.CamelCatalogVersionLoader loadKamelets
INFO: Parsing: kamelets/azure-cosmosdb-source.kamelet.yaml
Jun 06, 2024 10:03:15 AM io.kaoto.camelcatalog.CamelCatalogVersionLoader loadKamelets
INFO: Parsing: kamelets/azure-eventhubs-sink.kamelet.yaml
Jun 06, 2024 10:03:15 AM io.kaoto.camelcatalog.CamelCatalogVersionLoader loadKamelets
INFO: Parsing: kamelets/azure-eventhubs-source.kamelet.yaml
Jun 06, 2024 10:03:15 AM io.kaoto.camelcatalog.CamelCatalogVersionLoader loadKamelets
INFO: Parsing: kamelets/azure-functions-sink.kamelet.yaml
Jun 06, 2024 10:03:15 AM io.kaoto.camelcatalog.CamelCatalogVersionLoader loadKamelets
INFO: Parsing: kamelets/azure-servicebus-sink.kamelet.yaml
Jun 06, 2024 10:03:15 AM io.kaoto.camelcatalog.CamelCatalogVersionLoader loadKamelets
INFO: Parsing: kamelets/azure-servicebus-source.kamelet.yaml
Jun 06, 2024 10:03:15 AM io.kaoto.camelcatalog.CamelCatalogVersionLoader loadKamelets
INFO: Parsing: kamelets/azure-storage-blob-append-sink.kamelet.yaml
Jun 06, 2024 10:03:15 AM io.kaoto.camelcatalog.CamelCatalogVersionLoader loadKamelets
INFO: Parsing: kamelets/azure-storage-blob-changefeed-source.kamelet.yaml
Jun 06, 2024 10:03:15 AM io.kaoto.camelcatalog.CamelCatalogVersionLoader loadKamelets
INFO: Parsing: kamelets/azure-storage-blob-event-based-source.kamelet.yaml
Jun 06, 2024 10:03:15 AM io.kaoto.camelcatalog.CamelCatalogVersionLoader loadKamelets
INFO: Parsing: kamelets/azure-storage-blob-sink.kamelet.yaml
Jun 06, 2024 10:03:15 AM io.kaoto.camelcatalog.CamelCatalogVersionLoader loadKamelets
INFO: Parsing: kamelets/azure-storage-blob-source.kamelet.yaml
Jun 06, 2024 10:03:15 AM io.kaoto.camelcatalog.CamelCatalogVersionLoader loadKamelets
INFO: Parsing: kamelets/azure-storage-datalake-sink.kamelet.yaml
Jun 06, 2024 10:03:15 AM io.kaoto.camelcatalog.CamelCatalogVersionLoader loadKamelets
INFO: Parsing: kamelets/azure-storage-datalake-source.kamelet.yaml
Jun 06, 2024 10:03:15 AM io.kaoto.camelcatalog.CamelCatalogVersionLoader loadKamelets
INFO: Parsing: kamelets/azure-storage-files-sink.kamelet.yaml
Jun 06, 2024 10:03:15 AM io.kaoto.camelcatalog.CamelCatalogVersionLoader loadKamelets
INFO: Parsing: kamelets/azure-storage-files-source.kamelet.yaml
Jun 06, 2024 10:03:15 AM io.kaoto.camelcatalog.CamelCatalogVersionLoader loadKamelets
INFO: Parsing: kamelets/azure-storage-queue-sink.kamelet.yaml
Jun 06, 2024 10:03:15 AM io.kaoto.camelcatalog.CamelCatalogVersionLoader loadKamelets
INFO: Parsing: kamelets/azure-storage-queue-source.kamelet.yaml
Jun 06, 2024 10:03:15 AM io.kaoto.camelcatalog.CamelCatalogVersionLoader loadKamelets
INFO: Parsing: kamelets/beer-source.kamelet.yaml
Jun 06, 2024 10:03:15 AM io.kaoto.camelcatalog.CamelCatalogVersionLoader loadKamelets
INFO: Parsing: kamelets/bitcoin-source.kamelet.yaml
Jun 06, 2024 10:03:15 AM io.kaoto.camelcatalog.CamelCatalogVersionLoader loadKamelets
INFO: Parsing: kamelets/caffeine-action.kamelet.yaml
Jun 06, 2024 10:03:15 AM io.kaoto.camelcatalog.CamelCatalogVersionLoader loadKamelets
INFO: Parsing: kamelets/cassandra-sink.kamelet.yaml
Jun 06, 2024 10:03:15 AM io.kaoto.camelcatalog.CamelCatalogVersionLoader loadKamelets
INFO: Parsing: kamelets/cassandra-source.kamelet.yaml
Jun 06, 2024 10:03:15 AM io.kaoto.camelcatalog.CamelCatalogVersionLoader loadKamelets
INFO: Parsing: kamelets/ceph-sink.kamelet.yaml
Jun 06, 2024 10:03:15 AM io.kaoto.camelcatalog.CamelCatalogVersionLoader loadKamelets
INFO: Parsing: kamelets/ceph-source.kamelet.yaml
Jun 06, 2024 10:03:15 AM io.kaoto.camelcatalog.CamelCatalogVersionLoader loadKamelets
INFO: Parsing: kamelets/chuck-norris-source.kamelet.yaml
Jun 06, 2024 10:03:15 AM io.kaoto.camelcatalog.CamelCatalogVersionLoader loadKamelets
INFO: Parsing: kamelets/chunk-template-action.kamelet.yaml
Jun 06, 2024 10:03:15 AM io.kaoto.camelcatalog.CamelCatalogVersionLoader loadKamelets
INFO: Parsing: kamelets/coffee-source.kamelet.yaml
Jun 06, 2024 10:03:15 AM io.kaoto.camelcatalog.CamelCatalogVersionLoader loadKamelets
INFO: Parsing: kamelets/couchbase-sink.kamelet.yaml
Jun 06, 2024 10:03:15 AM io.kaoto.camelcatalog.CamelCatalogVersionLoader loadKamelets
INFO: Parsing: kamelets/cron-source.kamelet.yaml
Jun 06, 2024 10:03:15 AM io.kaoto.camelcatalog.CamelCatalogVersionLoader loadKamelets
INFO: Parsing: kamelets/data-type-action.kamelet.yaml
Jun 06, 2024 10:03:15 AM io.kaoto.camelcatalog.CamelCatalogVersionLoader loadKamelets
INFO: Parsing: kamelets/delay-action.kamelet.yaml
Jun 06, 2024 10:03:15 AM io.kaoto.camelcatalog.CamelCatalogVersionLoader loadKamelets
INFO: Parsing: kamelets/dns-dig-action.kamelet.yaml
Jun 06, 2024 10:03:15 AM io.kaoto.camelcatalog.CamelCatalogVersionLoader loadKamelets
INFO: Parsing: kamelets/dns-ip-action.kamelet.yaml
Jun 06, 2024 10:03:15 AM io.kaoto.camelcatalog.CamelCatalogVersionLoader loadKamelets
INFO: Parsing: kamelets/dns-lookup-action.kamelet.yaml
Jun 06, 2024 10:03:15 AM io.kaoto.camelcatalog.CamelCatalogVersionLoader loadKamelets
INFO: Parsing: kamelets/drop-field-action.kamelet.yaml
Jun 06, 2024 10:03:15 AM io.kaoto.camelcatalog.CamelCatalogVersionLoader loadKamelets
INFO: Parsing: kamelets/drop-header-action.kamelet.yaml
Jun 06, 2024 10:03:15 AM io.kaoto.camelcatalog.CamelCatalogVersionLoader loadKamelets
INFO: Parsing: kamelets/drop-headers-action.kamelet.yaml
Jun 06, 2024 10:03:15 AM io.kaoto.camelcatalog.CamelCatalogVersionLoader loadKamelets
INFO: Parsing: kamelets/dropbox-sink.kamelet.yaml
Jun 06, 2024 10:03:15 AM io.kaoto.camelcatalog.CamelCatalogVersionLoader loadKamelets
INFO: Parsing: kamelets/dropbox-source.kamelet.yaml
Jun 06, 2024 10:03:15 AM io.kaoto.camelcatalog.CamelCatalogVersionLoader loadKamelets
INFO: Parsing: kamelets/earthquake-source.kamelet.yaml
Jun 06, 2024 10:03:15 AM io.kaoto.camelcatalog.CamelCatalogVersionLoader loadKamelets
INFO: Parsing: kamelets/elasticsearch-index-sink.kamelet.yaml
Jun 06, 2024 10:03:15 AM io.kaoto.camelcatalog.CamelCatalogVersionLoader loadKamelets
INFO: Parsing: kamelets/elasticsearch-search-source.kamelet.yaml
Jun 06, 2024 10:03:15 AM io.kaoto.camelcatalog.CamelCatalogVersionLoader loadKamelets
INFO: Parsing: kamelets/exec-sink.kamelet.yaml
Jun 06, 2024 10:03:15 AM io.kaoto.camelcatalog.CamelCatalogVersionLoader loadKamelets
INFO: Parsing: kamelets/extract-field-action.kamelet.yaml
Jun 06, 2024 10:03:15 AM io.kaoto.camelcatalog.CamelCatalogVersionLoader loadKamelets
INFO: Parsing: kamelets/fhir-sink.kamelet.yaml
Jun 06, 2024 10:03:15 AM io.kaoto.camelcatalog.CamelCatalogVersionLoader loadKamelets
INFO: Parsing: kamelets/fhir-source.kamelet.yaml
Jun 06, 2024 10:03:15 AM io.kaoto.camelcatalog.CamelCatalogVersionLoader loadKamelets
INFO: Parsing: kamelets/file-watch-source.kamelet.yaml
Jun 06, 2024 10:03:15 AM io.kaoto.camelcatalog.CamelCatalogVersionLoader loadKamelets
INFO: Parsing: kamelets/freemarker-template-action.kamelet.yaml
Jun 06, 2024 10:03:15 AM io.kaoto.camelcatalog.CamelCatalogVersionLoader loadKamelets
INFO: Parsing: kamelets/ftp-sink.kamelet.yaml
Jun 06, 2024 10:03:15 AM io.kaoto.camelcatalog.CamelCatalogVersionLoader loadKamelets
INFO: Parsing: kamelets/ftp-source.kamelet.yaml
Jun 06, 2024 10:03:15 AM io.kaoto.camelcatalog.CamelCatalogVersionLoader loadKamelets
INFO: Parsing: kamelets/ftps-sink.kamelet.yaml
Jun 06, 2024 10:03:15 AM io.kaoto.camelcatalog.CamelCatalogVersionLoader loadKamelets
INFO: Parsing: kamelets/ftps-source.kamelet.yaml
Jun 06, 2024 10:03:15 AM io.kaoto.camelcatalog.CamelCatalogVersionLoader loadKamelets
INFO: Parsing: kamelets/github-commit-source.kamelet.yaml
Jun 06, 2024 10:03:15 AM io.kaoto.camelcatalog.CamelCatalogVersionLoader loadKamelets
INFO: Parsing: kamelets/github-event-source.kamelet.yaml
Jun 06, 2024 10:03:15 AM io.kaoto.camelcatalog.CamelCatalogVersionLoader loadKamelets
INFO: Parsing: kamelets/github-pullrequest-comment-source.kamelet.yaml
Jun 06, 2024 10:03:15 AM io.kaoto.camelcatalog.CamelCatalogVersionLoader loadKamelets
INFO: Parsing: kamelets/github-pullrequest-source.kamelet.yaml
Jun 06, 2024 10:03:15 AM io.kaoto.camelcatalog.CamelCatalogVersionLoader loadKamelets
INFO: Parsing: kamelets/github-tag-source.kamelet.yaml
Jun 06, 2024 10:03:15 AM io.kaoto.camelcatalog.CamelCatalogVersionLoader loadKamelets
INFO: Parsing: kamelets/google-bigquery-sink.kamelet.yaml
Jun 06, 2024 10:03:15 AM io.kaoto.camelcatalog.CamelCatalogVersionLoader loadKamelets
INFO: Parsing: kamelets/google-calendar-source.kamelet.yaml
Jun 06, 2024 10:03:15 AM io.kaoto.camelcatalog.CamelCatalogVersionLoader loadKamelets
INFO: Parsing: kamelets/google-functions-sink.kamelet.yaml
Jun 06, 2024 10:03:15 AM io.kaoto.camelcatalog.CamelCatalogVersionLoader loadKamelets
INFO: Parsing: kamelets/google-mail-source.kamelet.yaml
Jun 06, 2024 10:03:15 AM io.kaoto.camelcatalog.CamelCatalogVersionLoader loadKamelets
INFO: Parsing: kamelets/google-pubsub-sink.kamelet.yaml
Jun 06, 2024 10:03:15 AM io.kaoto.camelcatalog.CamelCatalogVersionLoader loadKamelets
INFO: Parsing: kamelets/google-pubsub-source.kamelet.yaml
Jun 06, 2024 10:03:15 AM io.kaoto.camelcatalog.CamelCatalogVersionLoader loadKamelets
INFO: Parsing: kamelets/google-sheets-sink.kamelet.yaml
Jun 06, 2024 10:03:15 AM io.kaoto.camelcatalog.CamelCatalogVersionLoader loadKamelets
INFO: Parsing: kamelets/google-sheets-source.kamelet.yaml
Jun 06, 2024 10:03:15 AM io.kaoto.camelcatalog.CamelCatalogVersionLoader loadKamelets
INFO: Parsing: kamelets/google-storage-event-based-source.kamelet.yaml
Jun 06, 2024 10:03:15 AM io.kaoto.camelcatalog.CamelCatalogVersionLoader loadKamelets
INFO: Parsing: kamelets/google-storage-sink.kamelet.yaml
Jun 06, 2024 10:03:15 AM io.kaoto.camelcatalog.CamelCatalogVersionLoader loadKamelets
INFO: Parsing: kamelets/google-storage-source.kamelet.yaml
Jun 06, 2024 10:03:15 AM io.kaoto.camelcatalog.CamelCatalogVersionLoader loadKamelets
INFO: Parsing: kamelets/graphql-sink.kamelet.yaml
Jun 06, 2024 10:03:15 AM io.kaoto.camelcatalog.CamelCatalogVersionLoader loadKamelets
INFO: Parsing: kamelets/has-header-filter-action.kamelet.yaml
Jun 06, 2024 10:03:15 AM io.kaoto.camelcatalog.CamelCatalogVersionLoader loadKamelets
INFO: Parsing: kamelets/header-matches-filter-action.kamelet.yaml
Jun 06, 2024 10:03:15 AM io.kaoto.camelcatalog.CamelCatalogVersionLoader loadKamelets
INFO: Parsing: kamelets/hoist-field-action.kamelet.yaml
Jun 06, 2024 10:03:15 AM io.kaoto.camelcatalog.CamelCatalogVersionLoader loadKamelets
INFO: Parsing: kamelets/http-secured-sink.kamelet.yaml
Jun 06, 2024 10:03:15 AM io.kaoto.camelcatalog.CamelCatalogVersionLoader loadKamelets
INFO: Parsing: kamelets/http-secured-source.kamelet.yaml
Jun 06, 2024 10:03:15 AM io.kaoto.camelcatalog.CamelCatalogVersionLoader loadKamelets
INFO: Parsing: kamelets/http-sink.kamelet.yaml
Jun 06, 2024 10:03:15 AM io.kaoto.camelcatalog.CamelCatalogVersionLoader loadKamelets
INFO: Parsing: kamelets/http-source.kamelet.yaml
Jun 06, 2024 10:03:15 AM io.kaoto.camelcatalog.CamelCatalogVersionLoader loadKamelets
INFO: Parsing: kamelets/infinispan-sink.kamelet.yaml
Jun 06, 2024 10:03:15 AM io.kaoto.camelcatalog.CamelCatalogVersionLoader loadKamelets
INFO: Parsing: kamelets/infinispan-source.kamelet.yaml
Jun 06, 2024 10:03:15 AM io.kaoto.camelcatalog.CamelCatalogVersionLoader loadKamelets
INFO: Parsing: kamelets/insert-field-action.kamelet.yaml
Jun 06, 2024 10:03:15 AM io.kaoto.camelcatalog.CamelCatalogVersionLoader loadKamelets
INFO: Parsing: kamelets/insert-header-action.kamelet.yaml
Jun 06, 2024 10:03:15 AM io.kaoto.camelcatalog.CamelCatalogVersionLoader loadKamelets
INFO: Parsing: kamelets/is-tombstone-filter-action.kamelet.yaml
Jun 06, 2024 10:03:15 AM io.kaoto.camelcatalog.CamelCatalogVersionLoader loadKamelets
INFO: Parsing: kamelets/jira-add-comment-sink.kamelet.yaml
Jun 06, 2024 10:03:15 AM io.kaoto.camelcatalog.CamelCatalogVersionLoader loadKamelets
INFO: Parsing: kamelets/jira-add-issue-sink.kamelet.yaml
Jun 06, 2024 10:03:15 AM io.kaoto.camelcatalog.CamelCatalogVersionLoader loadKamelets
INFO: Parsing: kamelets/jira-oauth-source.kamelet.yaml
Jun 06, 2024 10:03:15 AM io.kaoto.camelcatalog.CamelCatalogVersionLoader loadKamelets
INFO: Parsing: kamelets/jira-source.kamelet.yaml
Jun 06, 2024 10:03:15 AM io.kaoto.camelcatalog.CamelCatalogVersionLoader loadKamelets
INFO: Parsing: kamelets/jira-transition-issue-sink.kamelet.yaml
Jun 06, 2024 10:03:15 AM io.kaoto.camelcatalog.CamelCatalogVersionLoader loadKamelets
INFO: Parsing: kamelets/jira-update-issue-sink.kamelet.yaml
Jun 06, 2024 10:03:15 AM io.kaoto.camelcatalog.CamelCatalogVersionLoader loadKamelets
INFO: Parsing: kamelets/jms-amqp-10-sink.kamelet.yaml
Jun 06, 2024 10:03:15 AM io.kaoto.camelcatalog.CamelCatalogVersionLoader loadKamelets
INFO: Parsing: kamelets/jms-amqp-10-source.kamelet.yaml
Jun 06, 2024 10:03:15 AM io.kaoto.camelcatalog.CamelCatalogVersionLoader loadKamelets
INFO: Parsing: kamelets/jms-apache-artemis-sink.kamelet.yaml
Jun 06, 2024 10:03:15 AM io.kaoto.camelcatalog.CamelCatalogVersionLoader loadKamelets
INFO: Parsing: kamelets/jms-apache-artemis-source.kamelet.yaml
Jun 06, 2024 10:03:15 AM io.kaoto.camelcatalog.CamelCatalogVersionLoader loadKamelets
INFO: Parsing: kamelets/jms-ibm-mq-sink.kamelet.yaml
Jun 06, 2024 10:03:15 AM io.kaoto.camelcatalog.CamelCatalogVersionLoader loadKamelets
INFO: Parsing: kamelets/jms-ibm-mq-source.kamelet.yaml
Jun 06, 2024 10:03:15 AM io.kaoto.camelcatalog.CamelCatalogVersionLoader loadKamelets
INFO: Parsing: kamelets/jolt-transformation-action.kamelet.yaml
Jun 06, 2024 10:03:15 AM io.kaoto.camelcatalog.CamelCatalogVersionLoader loadKamelets
INFO: Parsing: kamelets/jslt-action.kamelet.yaml
Jun 06, 2024 10:03:15 AM io.kaoto.camelcatalog.CamelCatalogVersionLoader loadKamelets
INFO: Parsing: kamelets/json-deserialize-action.kamelet.yaml
Jun 06, 2024 10:03:15 AM io.kaoto.camelcatalog.CamelCatalogVersionLoader loadKamelets
INFO: Parsing: kamelets/json-patch-action.kamelet.yaml
Jun 06, 2024 10:03:15 AM io.kaoto.camelcatalog.CamelCatalogVersionLoader loadKamelets
INFO: Parsing: kamelets/json-schema-validator-action.kamelet.yaml
Jun 06, 2024 10:03:15 AM io.kaoto.camelcatalog.CamelCatalogVersionLoader loadKamelets
INFO: Parsing: kamelets/json-serialize-action.kamelet.yaml
Jun 06, 2024 10:03:15 AM io.kaoto.camelcatalog.CamelCatalogVersionLoader loadKamelets
INFO: Parsing: kamelets/jsonata-action.kamelet.yaml
Jun 06, 2024 10:03:15 AM io.kaoto.camelcatalog.CamelCatalogVersionLoader loadKamelets
INFO: Parsing: kamelets/kafka-apicurio-registry-not-secured-sink.kamelet.yaml
Jun 06, 2024 10:03:15 AM io.kaoto.camelcatalog.CamelCatalogVersionLoader loadKamelets
INFO: Parsing: kamelets/kafka-apicurio-registry-not-secured-source.kamelet.yaml
Jun 06, 2024 10:03:15 AM io.kaoto.camelcatalog.CamelCatalogVersionLoader loadKamelets
INFO: Parsing: kamelets/kafka-azure-schema-registry-sink.kamelet.yaml
Jun 06, 2024 10:03:15 AM io.kaoto.camelcatalog.CamelCatalogVersionLoader loadKamelets
INFO: Parsing: kamelets/kafka-azure-schema-registry-source.kamelet.yaml
Jun 06, 2024 10:03:15 AM io.kaoto.camelcatalog.CamelCatalogVersionLoader loadKamelets
INFO: Parsing: kamelets/kafka-batch-apicurio-registry-not-secured-source.kamelet.yaml
Jun 06, 2024 10:03:15 AM io.kaoto.camelcatalog.CamelCatalogVersionLoader loadKamelets
INFO: Parsing: kamelets/kafka-batch-apicurio-registry-source.kamelet.yaml
Jun 06, 2024 10:03:15 AM io.kaoto.camelcatalog.CamelCatalogVersionLoader loadKamelets
INFO: Parsing: kamelets/kafka-batch-azure-schema-registry-source.kamelet.yaml
Jun 06, 2024 10:03:15 AM io.kaoto.camelcatalog.CamelCatalogVersionLoader loadKamelets
INFO: Parsing: kamelets/kafka-batch-manual-commit-action.kamelet.yaml
Jun 06, 2024 10:03:15 AM io.kaoto.camelcatalog.CamelCatalogVersionLoader loadKamelets
INFO: Parsing: kamelets/kafka-batch-not-secured-source.kamelet.yaml
Jun 06, 2024 10:03:15 AM io.kaoto.camelcatalog.CamelCatalogVersionLoader loadKamelets
INFO: Parsing: kamelets/kafka-batch-scram-source.kamelet.yaml
Jun 06, 2024 10:03:15 AM io.kaoto.camelcatalog.CamelCatalogVersionLoader loadKamelets
INFO: Parsing: kamelets/kafka-batch-source.kamelet.yaml
Jun 06, 2024 10:03:15 AM io.kaoto.camelcatalog.CamelCatalogVersionLoader loadKamelets
INFO: Parsing: kamelets/kafka-batch-ssl-source.kamelet.yaml
Jun 06, 2024 10:03:15 AM io.kaoto.camelcatalog.CamelCatalogVersionLoader loadKamelets
INFO: Parsing: kamelets/kafka-manual-commit-action.kamelet.yaml
Jun 06, 2024 10:03:15 AM io.kaoto.camelcatalog.CamelCatalogVersionLoader loadKamelets
INFO: Parsing: kamelets/kafka-not-secured-apicurio-registry-sink.kamelet.yaml
Jun 06, 2024 10:03:15 AM io.kaoto.camelcatalog.CamelCatalogVersionLoader loadKamelets
INFO: Parsing: kamelets/kafka-not-secured-apicurio-registry-source.kamelet.yaml
Jun 06, 2024 10:03:15 AM io.kaoto.camelcatalog.CamelCatalogVersionLoader loadKamelets
INFO: Parsing: kamelets/kafka-not-secured-sink.kamelet.yaml
Jun 06, 2024 10:03:15 AM io.kaoto.camelcatalog.CamelCatalogVersionLoader loadKamelets
INFO: Parsing: kamelets/kafka-not-secured-source.kamelet.yaml
Jun 06, 2024 10:03:15 AM io.kaoto.camelcatalog.CamelCatalogVersionLoader loadKamelets
INFO: Parsing: kamelets/kafka-scram-sink.kamelet.yaml
Jun 06, 2024 10:03:15 AM io.kaoto.camelcatalog.CamelCatalogVersionLoader loadKamelets
INFO: Parsing: kamelets/kafka-scram-source.kamelet.yaml
Jun 06, 2024 10:03:15 AM io.kaoto.camelcatalog.CamelCatalogVersionLoader loadKamelets
INFO: Parsing: kamelets/kafka-sink.kamelet.yaml
Jun 06, 2024 10:03:15 AM io.kaoto.camelcatalog.CamelCatalogVersionLoader loadKamelets
INFO: Parsing: kamelets/kafka-source.kamelet.yaml
Jun 06, 2024 10:03:15 AM io.kaoto.camelcatalog.CamelCatalogVersionLoader loadKamelets
INFO: Parsing: kamelets/kafka-ssl-sink.kamelet.yaml
Jun 06, 2024 10:03:15 AM io.kaoto.camelcatalog.CamelCatalogVersionLoader loadKamelets
INFO: Parsing: kamelets/kafka-ssl-source.kamelet.yaml
Jun 06, 2024 10:03:15 AM io.kaoto.camelcatalog.CamelCatalogVersionLoader loadKamelets
INFO: Parsing: kamelets/kubernetes-namespaces-source.kamelet.yaml
Jun 06, 2024 10:03:15 AM io.kaoto.camelcatalog.CamelCatalogVersionLoader loadKamelets
INFO: Parsing: kamelets/kubernetes-nodes-source.kamelet.yaml
Jun 06, 2024 10:03:15 AM io.kaoto.camelcatalog.CamelCatalogVersionLoader loadKamelets
INFO: Parsing: kamelets/kubernetes-pods-source.kamelet.yaml
Jun 06, 2024 10:03:15 AM io.kaoto.camelcatalog.CamelCatalogVersionLoader loadKamelets
INFO: Parsing: kamelets/log-action.kamelet.yaml
Jun 06, 2024 10:03:15 AM io.kaoto.camelcatalog.CamelCatalogVersionLoader loadKamelets
INFO: Parsing: kamelets/log-sink.kamelet.yaml
Jun 06, 2024 10:03:15 AM io.kaoto.camelcatalog.CamelCatalogVersionLoader loadKamelets
INFO: Parsing: kamelets/mail-imap-source.kamelet.yaml
Jun 06, 2024 10:03:15 AM io.kaoto.camelcatalog.CamelCatalogVersionLoader loadKamelets
INFO: Parsing: kamelets/mail-sink.kamelet.yaml
Jun 06, 2024 10:03:15 AM io.kaoto.camelcatalog.CamelCatalogVersionLoader loadKamelets
INFO: Parsing: kamelets/mariadb-sink.kamelet.yaml
Jun 06, 2024 10:03:15 AM io.kaoto.camelcatalog.CamelCatalogVersionLoader loadKamelets
INFO: Parsing: kamelets/mariadb-source.kamelet.yaml
Jun 06, 2024 10:03:15 AM io.kaoto.camelcatalog.CamelCatalogVersionLoader loadKamelets
INFO: Parsing: kamelets/mask-field-action.kamelet.yaml
Jun 06, 2024 10:03:15 AM io.kaoto.camelcatalog.CamelCatalogVersionLoader loadKamelets
INFO: Parsing: kamelets/message-timestamp-router-action.kamelet.yaml
Jun 06, 2024 10:03:15 AM io.kaoto.camelcatalog.CamelCatalogVersionLoader loadKamelets
INFO: Parsing: kamelets/minio-sink.kamelet.yaml
Jun 06, 2024 10:03:15 AM io.kaoto.camelcatalog.CamelCatalogVersionLoader loadKamelets
INFO: Parsing: kamelets/minio-source.kamelet.yaml
Jun 06, 2024 10:03:15 AM io.kaoto.camelcatalog.CamelCatalogVersionLoader loadKamelets
INFO: Parsing: kamelets/mongodb-changes-stream-source.kamelet.yaml
Jun 06, 2024 10:03:15 AM io.kaoto.camelcatalog.CamelCatalogVersionLoader loadKamelets
INFO: Parsing: kamelets/mongodb-sink.kamelet.yaml
Jun 06, 2024 10:03:15 AM io.kaoto.camelcatalog.CamelCatalogVersionLoader loadKamelets
INFO: Parsing: kamelets/mongodb-source.kamelet.yaml
Jun 06, 2024 10:03:15 AM io.kaoto.camelcatalog.CamelCatalogVersionLoader loadKamelets
INFO: Parsing: kamelets/mqtt-sink.kamelet.yaml
Jun 06, 2024 10:03:15 AM io.kaoto.camelcatalog.CamelCatalogVersionLoader loadKamelets
INFO: Parsing: kamelets/mqtt-source.kamelet.yaml
Jun 06, 2024 10:03:15 AM io.kaoto.camelcatalog.CamelCatalogVersionLoader loadKamelets
INFO: Parsing: kamelets/mqtt5-sink.kamelet.yaml
Jun 06, 2024 10:03:15 AM io.kaoto.camelcatalog.CamelCatalogVersionLoader loadKamelets
INFO: Parsing: kamelets/mqtt5-source.kamelet.yaml
Jun 06, 2024 10:03:15 AM io.kaoto.camelcatalog.CamelCatalogVersionLoader loadKamelets
INFO: Parsing: kamelets/ms-exchange-online-imap-oauth-source.kamelet.yaml
Jun 06, 2024 10:03:15 AM io.kaoto.camelcatalog.CamelCatalogVersionLoader loadKamelets
INFO: Parsing: kamelets/mustache-template-action.kamelet.yaml
Jun 06, 2024 10:03:15 AM io.kaoto.camelcatalog.CamelCatalogVersionLoader loadKamelets
INFO: Parsing: kamelets/mvel-template-action.kamelet.yaml
Jun 06, 2024 10:03:15 AM io.kaoto.camelcatalog.CamelCatalogVersionLoader loadKamelets
INFO: Parsing: kamelets/mysql-sink.kamelet.yaml
Jun 06, 2024 10:03:15 AM io.kaoto.camelcatalog.CamelCatalogVersionLoader loadKamelets
INFO: Parsing: kamelets/mysql-source.kamelet.yaml
Jun 06, 2024 10:03:15 AM io.kaoto.camelcatalog.CamelCatalogVersionLoader loadKamelets
INFO: Parsing: kamelets/nats-sink.kamelet.yaml
Jun 06, 2024 10:03:15 AM io.kaoto.camelcatalog.CamelCatalogVersionLoader loadKamelets
INFO: Parsing: kamelets/nats-source.kamelet.yaml
Jun 06, 2024 10:03:15 AM io.kaoto.camelcatalog.CamelCatalogVersionLoader loadKamelets
INFO: Parsing: kamelets/nominatim-geocode-action.kamelet.yaml
Jun 06, 2024 10:03:15 AM io.kaoto.camelcatalog.CamelCatalogVersionLoader loadKamelets
INFO: Parsing: kamelets/ogcapi-features-action.kamelet.yaml
Jun 06, 2024 10:03:15 AM io.kaoto.camelcatalog.CamelCatalogVersionLoader loadKamelets
INFO: Parsing: kamelets/openai-classification-action.kamelet.yaml
Jun 06, 2024 10:03:15 AM io.kaoto.camelcatalog.CamelCatalogVersionLoader loadKamelets
INFO: Parsing: kamelets/openai-completion-action.kamelet.yaml
Jun 06, 2024 10:03:15 AM io.kaoto.camelcatalog.CamelCatalogVersionLoader loadKamelets
INFO: Parsing: kamelets/opensearch-index-sink.kamelet.yaml
Jun 06, 2024 10:03:15 AM io.kaoto.camelcatalog.CamelCatalogVersionLoader loadKamelets
INFO: Parsing: kamelets/opensearch-search-source.kamelet.yaml
Jun 06, 2024 10:03:15 AM io.kaoto.camelcatalog.CamelCatalogVersionLoader loadKamelets
INFO: Parsing: kamelets/oracle-database-sink.kamelet.yaml
Jun 06, 2024 10:03:15 AM io.kaoto.camelcatalog.CamelCatalogVersionLoader loadKamelets
INFO: Parsing: kamelets/oracle-database-source.kamelet.yaml
Jun 06, 2024 10:03:15 AM io.kaoto.camelcatalog.CamelCatalogVersionLoader loadKamelets
INFO: Parsing: kamelets/pdf-action.kamelet.yaml
Jun 06, 2024 10:03:15 AM io.kaoto.camelcatalog.CamelCatalogVersionLoader loadKamelets
INFO: Parsing: kamelets/postgresql-sink.kamelet.yaml
Jun 06, 2024 10:03:15 AM io.kaoto.camelcatalog.CamelCatalogVersionLoader loadKamelets
INFO: Parsing: kamelets/postgresql-source.kamelet.yaml
Jun 06, 2024 10:03:15 AM io.kaoto.camelcatalog.CamelCatalogVersionLoader loadKamelets
INFO: Parsing: kamelets/predicate-filter-action.kamelet.yaml
Jun 06, 2024 10:03:15 AM io.kaoto.camelcatalog.CamelCatalogVersionLoader loadKamelets
INFO: Parsing: kamelets/protobuf-deserialize-action.kamelet.yaml
Jun 06, 2024 10:03:15 AM io.kaoto.camelcatalog.CamelCatalogVersionLoader loadKamelets
INFO: Parsing: kamelets/protobuf-serialize-action.kamelet.yaml
Jun 06, 2024 10:03:15 AM io.kaoto.camelcatalog.CamelCatalogVersionLoader loadKamelets
INFO: Parsing: kamelets/pulsar-sink.kamelet.yaml
Jun 06, 2024 10:03:15 AM io.kaoto.camelcatalog.CamelCatalogVersionLoader loadKamelets
INFO: Parsing: kamelets/pulsar-source.kamelet.yaml
Jun 06, 2024 10:03:15 AM io.kaoto.camelcatalog.CamelCatalogVersionLoader loadKamelets
INFO: Parsing: kamelets/redis-sink.kamelet.yaml
Jun 06, 2024 10:03:15 AM io.kaoto.camelcatalog.CamelCatalogVersionLoader loadKamelets
INFO: Parsing: kamelets/redis-source.kamelet.yaml
Jun 06, 2024 10:03:15 AM io.kaoto.camelcatalog.CamelCatalogVersionLoader loadKamelets
INFO: Parsing: kamelets/regex-router-action.kamelet.yaml
Jun 06, 2024 10:03:15 AM io.kaoto.camelcatalog.CamelCatalogVersionLoader loadKamelets
INFO: Parsing: kamelets/replace-field-action.kamelet.yaml
Jun 06, 2024 10:03:15 AM io.kaoto.camelcatalog.CamelCatalogVersionLoader loadKamelets
INFO: Parsing: kamelets/resolve-pojo-schema-action.kamelet.yaml
Jun 06, 2024 10:03:15 AM io.kaoto.camelcatalog.CamelCatalogVersionLoader loadKamelets
INFO: Parsing: kamelets/rest-openapi-sink.kamelet.yaml
Jun 06, 2024 10:03:15 AM io.kaoto.camelcatalog.CamelCatalogVersionLoader loadKamelets
INFO: Parsing: kamelets/salesforce-composite-upsert-sink.kamelet.yaml
Jun 06, 2024 10:03:15 AM io.kaoto.camelcatalog.CamelCatalogVersionLoader loadKamelets
INFO: Parsing: kamelets/salesforce-create-sink.kamelet.yaml
Jun 06, 2024 10:03:15 AM io.kaoto.camelcatalog.CamelCatalogVersionLoader loadKamelets
INFO: Parsing: kamelets/salesforce-delete-sink.kamelet.yaml
Jun 06, 2024 10:03:15 AM io.kaoto.camelcatalog.CamelCatalogVersionLoader loadKamelets
INFO: Parsing: kamelets/salesforce-source.kamelet.yaml
Jun 06, 2024 10:03:15 AM io.kaoto.camelcatalog.CamelCatalogVersionLoader loadKamelets
INFO: Parsing: kamelets/salesforce-update-sink.kamelet.yaml
Jun 06, 2024 10:03:15 AM io.kaoto.camelcatalog.CamelCatalogVersionLoader loadKamelets
INFO: Parsing: kamelets/scp-sink.kamelet.yaml
Jun 06, 2024 10:03:15 AM io.kaoto.camelcatalog.CamelCatalogVersionLoader loadKamelets
INFO: Parsing: kamelets/set-body-action.kamelet.yaml
Jun 06, 2024 10:03:15 AM io.kaoto.camelcatalog.CamelCatalogVersionLoader loadKamelets
INFO: Parsing: kamelets/set-kafka-key-action.kamelet.yaml
Jun 06, 2024 10:03:15 AM io.kaoto.camelcatalog.CamelCatalogVersionLoader loadKamelets
INFO: Parsing: kamelets/sftp-sink.kamelet.yaml
Jun 06, 2024 10:03:15 AM io.kaoto.camelcatalog.CamelCatalogVersionLoader loadKamelets
INFO: Parsing: kamelets/sftp-source.kamelet.yaml
Jun 06, 2024 10:03:15 AM io.kaoto.camelcatalog.CamelCatalogVersionLoader loadKamelets
INFO: Parsing: kamelets/simple-filter-action.kamelet.yaml
Jun 06, 2024 10:03:15 AM io.kaoto.camelcatalog.CamelCatalogVersionLoader loadKamelets
INFO: Parsing: kamelets/slack-sink.kamelet.yaml
Jun 06, 2024 10:03:15 AM io.kaoto.camelcatalog.CamelCatalogVersionLoader loadKamelets
INFO: Parsing: kamelets/slack-source.kamelet.yaml
Jun 06, 2024 10:03:15 AM io.kaoto.camelcatalog.CamelCatalogVersionLoader loadKamelets
INFO: Parsing: kamelets/snowflake-sink.kamelet.yaml
Jun 06, 2024 10:03:15 AM io.kaoto.camelcatalog.CamelCatalogVersionLoader loadKamelets
INFO: Parsing: kamelets/snowflake-source.kamelet.yaml
Jun 06, 2024 10:03:15 AM io.kaoto.camelcatalog.CamelCatalogVersionLoader loadKamelets
INFO: Parsing: kamelets/splunk-hec-sink.kamelet.yaml
Jun 06, 2024 10:03:15 AM io.kaoto.camelcatalog.CamelCatalogVersionLoader loadKamelets
INFO: Parsing: kamelets/splunk-sink.kamelet.yaml
Jun 06, 2024 10:03:15 AM io.kaoto.camelcatalog.CamelCatalogVersionLoader loadKamelets
INFO: Parsing: kamelets/splunk-source.kamelet.yaml
Jun 06, 2024 10:03:15 AM io.kaoto.camelcatalog.CamelCatalogVersionLoader loadKamelets
INFO: Parsing: kamelets/spring-rabbitmq-sink.kamelet.yaml
Jun 06, 2024 10:03:15 AM io.kaoto.camelcatalog.CamelCatalogVersionLoader loadKamelets
INFO: Parsing: kamelets/spring-rabbitmq-source.kamelet.yaml
Jun 06, 2024 10:03:15 AM io.kaoto.camelcatalog.CamelCatalogVersionLoader loadKamelets
INFO: Parsing: kamelets/sqlserver-sink.kamelet.yaml
Jun 06, 2024 10:03:15 AM io.kaoto.camelcatalog.CamelCatalogVersionLoader loadKamelets
INFO: Parsing: kamelets/sqlserver-source.kamelet.yaml
Jun 06, 2024 10:03:15 AM io.kaoto.camelcatalog.CamelCatalogVersionLoader loadKamelets
INFO: Parsing: kamelets/ssh-sink.kamelet.yaml
Jun 06, 2024 10:03:15 AM io.kaoto.camelcatalog.CamelCatalogVersionLoader loadKamelets
INFO: Parsing: kamelets/ssh-source.kamelet.yaml
Jun 06, 2024 10:03:15 AM io.kaoto.camelcatalog.CamelCatalogVersionLoader loadKamelets
INFO: Parsing: kamelets/string-template-action.kamelet.yaml
Jun 06, 2024 10:03:15 AM io.kaoto.camelcatalog.CamelCatalogVersionLoader loadKamelets
INFO: Parsing: kamelets/telegram-sink.kamelet.yaml
Jun 06, 2024 10:03:15 AM io.kaoto.camelcatalog.CamelCatalogVersionLoader loadKamelets
INFO: Parsing: kamelets/telegram-source.kamelet.yaml
Jun 06, 2024 10:03:15 AM io.kaoto.camelcatalog.CamelCatalogVersionLoader loadKamelets
INFO: Parsing: kamelets/throttle-action.kamelet.yaml
Jun 06, 2024 10:03:15 AM io.kaoto.camelcatalog.CamelCatalogVersionLoader loadKamelets
INFO: Parsing: kamelets/timer-source.kamelet.yaml
Jun 06, 2024 10:03:15 AM io.kaoto.camelcatalog.CamelCatalogVersionLoader loadKamelets
INFO: Parsing: kamelets/timestamp-router-action.kamelet.yaml
Jun 06, 2024 10:03:15 AM io.kaoto.camelcatalog.CamelCatalogVersionLoader loadKamelets
INFO: Parsing: kamelets/topic-name-matches-filter-action.kamelet.yaml
Jun 06, 2024 10:03:15 AM io.kaoto.camelcatalog.CamelCatalogVersionLoader loadKamelets
INFO: Parsing: kamelets/twitter-directmessage-source.kamelet.yaml
Jun 06, 2024 10:03:15 AM io.kaoto.camelcatalog.CamelCatalogVersionLoader loadKamelets
INFO: Parsing: kamelets/twitter-search-source.kamelet.yaml
Jun 06, 2024 10:03:15 AM io.kaoto.camelcatalog.CamelCatalogVersionLoader loadKamelets
INFO: Parsing: kamelets/twitter-timeline-source.kamelet.yaml
Jun 06, 2024 10:03:15 AM io.kaoto.camelcatalog.CamelCatalogVersionLoader loadKamelets
INFO: Parsing: kamelets/value-to-key-action.kamelet.yaml
Jun 06, 2024 10:03:15 AM io.kaoto.camelcatalog.CamelCatalogVersionLoader loadKamelets
INFO: Parsing: kamelets/velocity-template-action.kamelet.yaml
Jun 06, 2024 10:03:15 AM io.kaoto.camelcatalog.CamelCatalogVersionLoader loadKamelets
INFO: Parsing: kamelets/webhook-source.kamelet.yaml
Jun 06, 2024 10:03:15 AM io.kaoto.camelcatalog.CamelCatalogVersionLoader loadKamelets
INFO: Parsing: kamelets/wttrin-source.kamelet.yaml
Jun 06, 2024 10:03:15 AM io.kaoto.camelcatalog.CamelCatalogVersionLoader loadKamelets
INFO: Parsing: kamelets/xj-identity-action.kamelet.yaml
Jun 06, 2024 10:03:15 AM io.kaoto.camelcatalog.CamelCatalogVersionLoader loadKamelets
INFO: Parsing: kamelets/xj-template-action.kamelet.yaml
Jun 06, 2024 10:03:16 AM io.kaoto.camelcatalog.CamelCatalogVersionLoader lambda$loadLocalSchemas$4
INFO: Parsing: /home/rmartinez/repos/kaoto/packages/catalog-generator/target/classes/schemas/KameletConfiguration.json
Jun 06, 2024 10:03:16 AM io.kaoto.camelcatalog.CamelCatalogVersionLoader lambda$loadLocalSchemas$4
INFO: Parsing: /home/rmartinez/repos/kaoto/packages/catalog-generator/target/classes/schemas/PipeConfiguration.json
Jun 06, 2024 10:03:16 AM io.kaoto.camelcatalog.CamelCatalogVersionLoader lambda$loadLocalSchemas$4
INFO: Parsing: /home/rmartinez/repos/kaoto/packages/catalog-generator/target/classes/schemas/PipeErrorHandler.json
]]></system-err>
  </testcase>
</testsuite>